TN:
SF:/Users/hkoh006/vueJSProjects/my-project/src/components/HelloWorld.vue
FNF:0
FNH:0
DA:63,1
LF:1
LH:1
BRF:0
BRH:0
end_of_record
TN:
SF:/Users/hkoh006/vueJSProjects/my-project/src/App.vue
FNF:0
FNH:0
LF:0
LH:0
BRF:0
BRH:0
end_of_record
TN:
SF:/Users/hkoh006/vueJSProjects/my-project/src/components/admin/AppLayout.vue
FNF:0
FNH:0
DA:18,0
DA:24,0
LF:2
LH:0
BRF:0
BRH:0
end_of_record
TN:
SF:/Users/hkoh006/vueJSProjects/my-project/src/router/index.js
FNF:0
FNH:0
DA:5,1
LF:1
LH:1
BRF:0
BRH:0
end_of_record
