TN:
SF:/Users/hkoh006/vueJSProjects/vuestic-admin/src/components/admin/app-navbar/components/dropdowns/MessageDropdown.vue
FN:26,(anonymous_0)
FNF:1
FNH:0
FNDA:0,(anonymous_0)
DA:26,0
LF:1
LH:0
BRF:0
BRH:0
end_of_record
TN:
SF:/Users/hkoh006/vueJSProjects/vuestic-admin/src/components/admin/app-sidebar/components/SideBarLink.vue
FN:27,(anonymous_0)
FNF:1
FNH:0
FNDA:0,(anonymous_0)
DA:27,0
DA:28,0
DA:29,0
DA:30,0
DA:32,0
DA:33,0
DA:34,0
DA:36,0
LF:8
LH:0
BRDA:29,0,0,0
BRDA:29,0,1,0
BRDA:32,1,0,0
BRDA:32,1,1,0
BRDA:33,2,0,0
BRDA:33,2,1,0
BRF:6
BRH:0
end_of_record
TN:
SF:/Users/hkoh006/vueJSProjects/vuestic-admin/src/store/mutation-types.js
FNF:0
FNH:0
DA:1,1
DA:3,1
DA:5,1
LF:3
LH:3
BRF:0
BRH:0
end_of_record
TN:
SF:/Users/hkoh006/vueJSProjects/vuestic-admin/src/store/modules/app.js
FNF:0
FNH:0
DA:3,1
DA:29,1
DA:31,0
DA:32,0
DA:36,0
DA:39,0
DA:42,0
DA:46,1
DA:48,0
DA:51,0
DA:54,0
LF:11
LH:3
BRDA:31,0,0,0
BRDA:31,0,1,0
BRF:2
BRH:0
end_of_record
TN:
SF:/Users/hkoh006/vueJSProjects/vuestic-admin/src/store/getters.js
FN:1,(anonymous_0)
FN:2,(anonymous_1)
FN:3,(anonymous_2)
FN:4,(anonymous_3)
FNF:4
FNH:1
FNDA:0,(anonymous_0)
FNDA:0,(anonymous_1)
FNDA:1,(anonymous_2)
FNDA:0,(anonymous_3)
DA:1,1
DA:2,1
DA:3,1
DA:4,1
LF:4
LH:4
BRF:0
BRH:0
end_of_record
TN:
SF:/Users/hkoh006/vueJSProjects/vuestic-admin/src/store/index.js
FNF:0
FNH:0
DA:9,1
DA:11,1
DA:21,1
LF:3
LH:3
BRF:0
BRH:0
end_of_record
TN:
SF:/Users/hkoh006/vueJSProjects/vuestic-admin/src/directives/ResizeHandler.js
FN:4,(anonymous_0)
FN:5,(anonymous_1)
FN:12,(anonymous_2)
FN:16,(anonymous_3)
FNF:4
FNH:0
FNDA:0,(anonymous_0)
FNDA:0,(anonymous_1)
FNDA:0,(anonymous_2)
FNDA:0,(anonymous_3)
DA:5,0
DA:6,0
DA:9,0
DA:10,0
DA:12,0
DA:13,0
DA:16,0
DA:17,0
DA:18,0
DA:19,0
DA:20,0
DA:21,0
DA:23,0
LF:13
LH:0
BRDA:17,0,0,0
BRDA:17,0,1,0
BRDA:17,1,0,0
BRDA:17,1,1,0
BRDA:19,2,0,0
BRDA:19,2,1,0
BRDA:19,3,0,0
BRDA:19,3,1,0
BRF:8
BRH:0
end_of_record
TN:
SF:/Users/hkoh006/vueJSProjects/vuestic-admin/src/vuestic-theme/vuestic-components/vuestic-layout/VuesticLayout.vue
FN:31,(anonymous_0)
FNF:1
FNH:0
FNDA:0,(anonymous_0)
DA:32,0
LF:1
LH:0
BRF:0
BRH:0
end_of_record
TN:
SF:/Users/hkoh006/vueJSProjects/vuestic-admin/src/vuestic-theme/vuestic-components/vuestic-navbar/VuesticNavbar.vue
FNF:0
FNH:0
LF:0
LH:0
BRF:0
BRH:0
end_of_record
TN:
SF:/Users/hkoh006/vueJSProjects/vuestic-admin/src/components/admin/app-navbar/components/HeaderSelector.vue
FNF:0
FNH:0
LF:0
LH:0
BRF:0
BRH:0
end_of_record
TN:
SF:/Users/hkoh006/vueJSProjects/vuestic-admin/src/components/admin/app-navbar/components/dropdowns/LanguageDropdown.vue
FN:30,(anonymous_0)
FNF:1
FNH:0
FNDA:0,(anonymous_0)
DA:30,0
DA:48,0
DA:52,0
DA:56,0
LF:4
LH:0
BRDA:52,0,0,0
BRDA:52,0,1,0
BRF:2
BRH:0
end_of_record
TN:
SF:/Users/hkoh006/vueJSProjects/vuestic-admin/src/components/admin/app-navbar/components/dropdowns/ProfileDropdown.vue
FN:28,(anonymous_0)
FNF:1
FNH:0
FNDA:0,(anonymous_0)
DA:28,0
LF:1
LH:0
BRF:0
BRH:0
end_of_record
TN:
SF:/Users/hkoh006/vueJSProjects/vuestic-admin/src/components/admin/app-navbar/components/dropdowns/NotificationDropdown.vue
FN:28,(anonymous_0)
FNF:1
FNH:0
FNDA:0,(anonymous_0)
DA:28,0
LF:1
LH:0
BRF:0
BRH:0
end_of_record
TN:
SF:/Users/hkoh006/vueJSProjects/vuestic-admin/src/components/admin/app-navbar/AppNavbar.vue
FNF:0
FNH:0
DA:47,0
DA:50,0
LF:2
LH:0
BRF:0
BRH:0
end_of_record
TN:
SF:/Users/hkoh006/vueJSProjects/vuestic-admin/src/vuestic-theme/vuestic-components/vuestic-sidebar/VuesticSidebar.vue
FNF:0
FNH:0
LF:0
LH:0
BRF:0
BRH:0
end_of_record
TN:
SF:/Users/hkoh006/vueJSProjects/vuestic-admin/src/components/admin/app-sidebar/components/SidebarLink.vue
FN:27,(anonymous_0)
FNF:1
FNH:0
FNDA:0,(anonymous_0)
DA:27,0
DA:28,0
DA:29,0
DA:30,0
DA:32,0
DA:33,0
DA:34,0
DA:36,0
LF:8
LH:0
BRDA:29,0,0,0
BRDA:29,0,1,0
BRDA:32,1,0,0
BRDA:32,1,1,0
BRDA:33,2,0,0
BRDA:33,2,1,0
BRF:6
BRH:0
end_of_record
TN:
SF:/Users/hkoh006/vueJSProjects/vuestic-admin/src/components/admin/app-sidebar/components/SidebarLinkGroup.vue
FN:51,(anonymous_0)
FNF:1
FNH:0
FNDA:0,(anonymous_0)
DA:30,0
DA:35,0
DA:36,0
DA:37,0
DA:42,0
DA:47,0
DA:52,0
LF:7
LH:0
BRDA:36,0,0,0
BRDA:36,0,1,0
BRF:2
BRH:0
end_of_record
TN:
SF:/Users/hkoh006/vueJSProjects/vuestic-admin/src/components/admin/app-sidebar/AppSidebar.vue
FNF:0
FNH:0
LF:0
LH:0
BRF:0
BRH:0
end_of_record
TN:
SF:/Users/hkoh006/vueJSProjects/vuestic-admin/src/components/admin/app-breadcrumbs/Breadcrumbs.js
FNF:0
FNH:0
LF:0
LH:0
BRF:0
BRH:0
end_of_record
TN:
SF:/Users/hkoh006/vueJSProjects/vuestic-admin/src/components/admin/app-breadcrumbs/AppBreadcrumbs.vue
FN:17,(anonymous_0)
FNF:1
FNH:0
FNDA:0,(anonymous_0)
DA:18,0
DA:24,0
LF:2
LH:0
BRF:0
BRH:0
end_of_record
TN:
SF:/Users/hkoh006/vueJSProjects/vuestic-admin/src/vuestic-theme/vuestic-directives/Layout.js
FN:3,(anonymous_0)
FN:9,(anonymous_1)
FN:10,(anonymous_2)
FN:29,(anonymous_3)
FN:35,(anonymous_4)
FNF:5
FNH:0
FNDA:0,(anonymous_0)
FNDA:0,(anonymous_1)
FNDA:0,(anonymous_2)
FNDA:0,(anonymous_3)
FNDA:0,(anonymous_4)
DA:4,0
DA:5,0
DA:7,0
DA:9,0
DA:10,0
DA:11,0
DA:12,0
DA:13,0
DA:15,0
DA:16,0
DA:17,0
DA:19,0
DA:20,0
DA:21,0
DA:22,0
DA:27,0
DA:29,0
DA:30,0
DA:31,0
DA:36,0
LF:20
LH:0
BRDA:13,0,0,0
BRDA:13,0,1,0
BRDA:13,1,0,0
BRDA:13,1,1,0
BRDA:13,1,2,0
BRDA:19,2,0,0
BRDA:19,2,1,0
BRDA:30,3,0,0
BRDA:30,3,1,0
BRF:9
BRH:0
end_of_record
TN:
SF:/Users/hkoh006/vueJSProjects/vuestic-admin/src/components/admin/AppLayout.vue
FNF:0
FNH:0
DA:36,0
DA:42,0
LF:2
LH:0
BRF:0
BRH:0
end_of_record
TN:
SF:/Users/hkoh006/vueJSProjects/vuestic-admin/src/components/auth/AuthLayout.vue
FNF:0
FNH:0
LF:0
LH:0
BRF:0
BRH:0
end_of_record
TN:
SF:/Users/hkoh006/vueJSProjects/vuestic-admin/src/router/lazyLoading.js
FN:3,(anonymous_0)
FN:3,(anonymous_1)
FNF:2
FNH:2
FNDA:29,(anonymous_0)
FNDA:1,(anonymous_1)
DA:3,29
LF:1
LH:1
BRDA:3,0,0,29
BRDA:3,1,0,0
BRDA:3,1,1,1
BRF:3
BRH:2
end_of_record
TN:
SF:/Users/hkoh006/vueJSProjects/vuestic-admin/src/router/index.js
FNF:0
FNH:0
DA:7,1
DA:9,1
DA:10,1
DA:11,0
DA:13,0
DA:19,1
LF:6
LH:4
BRDA:10,0,0,0
BRDA:10,0,1,1
BRF:2
BRH:1
end_of_record
TN:
SF:/Users/hkoh006/vueJSProjects/vuestic-admin/src/components/auth/login/Login.vue
FNF:0
FNH:0
LF:0
LH:0
BRF:0
BRH:0
end_of_record
TN:
SF:/Users/hkoh006/vueJSProjects/vuestic-admin/src/components/auth/signup/Signup.vue
FNF:0
FNH:0
DA:38,0
LF:1
LH:0
BRF:0
BRH:0
end_of_record
TN:
SF:/Users/hkoh006/vueJSProjects/vuestic-admin/src/components/dashboard/DashboardInfoWidgets.vue
FNF:0
FNH:0
LF:0
LH:0
BRF:0
BRH:0
end_of_record
TN:
SF:/Users/hkoh006/vueJSProjects/vuestic-admin/src/components/dashboard/users-and-members-tab/UsersMembersTab.vue
FNF:0
FNH:0
DA:22,0
LF:1
LH:0
BRF:0
BRH:0
end_of_record
TN:
SF:/Users/hkoh006/vueJSProjects/vuestic-admin/src/data/CountriesList.js
FNF:0
FNH:0
LF:0
LH:0
BRF:0
BRH:0
end_of_record
TN:
SF:/Users/hkoh006/vueJSProjects/vuestic-admin/src/components/dashboard/setup-profile-tab/SetupProfileTab.vue
FN:95,(anonymous_0)
FN:98,(anonymous_1)
FN:105,(anonymous_2)
FN:108,(anonymous_3)
FNF:4
FNH:0
FNDA:0,(anonymous_0)
FNDA:0,(anonymous_1)
FNDA:0,(anonymous_2)
FNDA:0,(anonymous_3)
DA:90,0
DA:96,0
DA:99,0
DA:106,0
DA:109,0
DA:124,0
DA:125,0
DA:126,0
DA:128,0
DA:131,0
LF:10
LH:0
BRDA:125,0,0,0
BRDA:125,0,1,0
BRDA:126,1,0,0
BRDA:126,1,1,0
BRF:4
BRH:0
end_of_record
TN:
SF:/Users/hkoh006/vueJSProjects/vuestic-admin/src/components/dashboard/features-tab/FeaturesTab.vue
FNF:0
FNH:0
LF:0
LH:0
BRF:0
BRH:0
end_of_record
TN:
SF:/Users/hkoh006/vueJSProjects/vuestic-admin/src/components/tables/BadgeColumn.vue
FN:21,(anonymous_0)
FNF:1
FNH:0
FNDA:0,(anonymous_0)
DA:22,0
LF:1
LH:0
BRF:0
BRH:0
end_of_record
TN:
SF:/Users/hkoh006/vueJSProjects/vuestic-admin/src/components/dashboard/data-visualisation-tab/TableData.js
FNF:0
FNH:0
LF:0
LH:0
BRF:0
BRH:0
end_of_record
TN:
SF:/Users/hkoh006/vueJSProjects/vuestic-admin/src/components/dashboard/data-visualisation-tab/DonutChartData.js
FNF:0
FNH:0
DA:3,1
LF:1
LH:1
BRF:0
BRH:0
end_of_record
TN:
SF:/Users/hkoh006/vueJSProjects/vuestic-admin/src/components/dashboard/data-visualisation-tab/fields-definition.js
FN:19,(anonymous_0)
FNF:1
FNH:0
FNDA:0,(anonymous_0)
DA:20,0
LF:1
LH:0
BRDA:20,0,0,0
BRDA:20,0,1,0
BRF:2
BRH:0
end_of_record
TN:
SF:/Users/hkoh006/vueJSProjects/vuestic-admin/src/components/dashboard/data-visualisation-tab/DataVisualisation.vue
FNF:0
FNH:0
DA:31,1
DA:37,0
LF:2
LH:1
BRF:0
BRH:0
end_of_record
TN:
SF:/Users/hkoh006/vueJSProjects/vuestic-admin/src/components/dashboard/DashboardBottomWidgets.vue
FNF:0
FNH:0
DA:21,0
LF:1
LH:0
BRF:0
BRH:0
end_of_record
TN:
SF:/Users/hkoh006/vueJSProjects/vuestic-admin/src/components/dashboard/Dashboard.vue
FNF:0
FNH:0
DA:51,0
LF:1
LH:0
BRF:0
BRH:0
end_of_record
TN:
SF:/Users/hkoh006/vueJSProjects/vuestic-admin/src/components/maps/leaflet-maps/LeafletMap.vue
FNF:0
FNH:0
DA:15,0
DA:17,0
DA:19,0
DA:23,0
LF:4
LH:0
BRF:0
BRH:0
end_of_record
TN:
SF:/Users/hkoh006/vueJSProjects/vuestic-admin/src/components/extra/Extra.vue
FNF:0
FNH:0
DA:61,0
LF:1
LH:0
BRF:0
BRH:0
end_of_record
TN:
SF:/Users/hkoh006/vueJSProjects/vuestic-admin/src/components/forms/form-elements/FormElements.vue
FN:411,(anonymous_0)
FN:411,(anonymous_1)
FN:470,(anonymous_2)
FNF:3
FNH:0
FNDA:0,(anonymous_0)
FNDA:0,(anonymous_1)
FNDA:0,(anonymous_2)
DA:411,0
DA:413,0
DA:414,0
DA:415,0
DA:417,0
DA:421,0
DA:466,0
DA:470,0
DA:471,0
LF:9
LH:0
BRDA:414,0,0,0
BRDA:414,0,1,0
BRDA:415,1,0,0
BRDA:415,1,1,0
BRF:4
BRH:0
end_of_record
TN:
SF:/Users/hkoh006/vueJSProjects/vuestic-admin/src/components/forms/form-wizard/FormWizard.vue
FN:341,(anonymous_0)
FN:344,(anonymous_1)
FN:351,(anonymous_2)
FN:354,(anonymous_3)
FN:369,(anonymous_4)
FN:372,(anonymous_5)
FN:379,(anonymous_6)
FN:382,(anonymous_7)
FN:397,(anonymous_8)
FN:400,(anonymous_9)
FN:407,(anonymous_10)
FN:410,(anonymous_11)
FN:425,(anonymous_12)
FN:428,(anonymous_13)
FN:435,(anonymous_14)
FN:438,(anonymous_15)
FNF:16
FNH:0
FNDA:0,(anonymous_0)
FNDA:0,(anonymous_1)
FNDA:0,(anonymous_2)
FNDA:0,(anonymous_3)
FNDA:0,(anonymous_4)
FNDA:0,(anonymous_5)
FNDA:0,(anonymous_6)
FNDA:0,(anonymous_7)
FNDA:0,(anonymous_8)
FNDA:0,(anonymous_9)
FNDA:0,(anonymous_10)
FNDA:0,(anonymous_11)
FNDA:0,(anonymous_12)
FNDA:0,(anonymous_13)
FNDA:0,(anonymous_14)
FNDA:0,(anonymous_15)
DA:337,0
DA:342,0
DA:345,0
DA:352,0
DA:355,0
DA:365,0
DA:370,0
DA:373,0
DA:380,0
DA:383,0
DA:393,0
DA:398,0
DA:401,0
DA:408,0
DA:411,0
DA:421,0
DA:426,0
DA:429,0
DA:436,0
DA:439,0
DA:450,0
DA:466,0
DA:467,0
DA:468,0
DA:470,0
DA:473,0
LF:26
LH:0
BRDA:467,0,0,0
BRDA:467,0,1,0
BRDA:468,1,0,0
BRDA:468,1,1,0
BRF:4
BRH:0
end_of_record
TN:
SF:/Users/hkoh006/vueJSProjects/vuestic-admin/src/components/forms/medium-editor/MediumEditor.vue
FN:95,(anonymous_0)
FNF:1
FNH:0
FNDA:0,(anonymous_0)
DA:72,0
DA:94,0
DA:95,0
DA:96,0
DA:101,0
DA:102,0
LF:6
LH:0
BRF:0
BRH:0
end_of_record
TN:
SF:/Users/hkoh006/vueJSProjects/vuestic-admin/src/components/maps/bubble-maps/BubbleMap.vue
FN:30,(anonymous_0)
FN:68,(anonymous_1)
FNF:2
FNH:0
FNDA:0,(anonymous_0)
FNDA:0,(anonymous_1)
DA:23,0
DA:24,0
DA:25,0
DA:26,0
DA:27,0
DA:30,0
DA:31,0
DA:32,0
DA:33,0
DA:35,0
DA:36,0
DA:41,0
DA:43,0
DA:44,0
DA:45,0
DA:46,0
DA:52,0
DA:57,0
DA:64,0
DA:65,0
DA:68,0
DA:69,0
DA:71,0
DA:72,0
DA:73,0
DA:75,0
DA:76,0
DA:77,0
DA:89,0
DA:90,0
DA:95,0
LF:31
LH:0
BRDA:32,0,0,0
BRDA:32,0,1,0
BRDA:35,1,0,0
BRDA:35,1,1,0
BRDA:72,2,0,0
BRDA:72,2,1,0
BRF:6
BRH:0
end_of_record
TN:
SF:/Users/hkoh006/vueJSProjects/vuestic-admin/src/data/maps/BubbleMapData.js
FNF:0
FNH:0
DA:1,1
DA:3,1
DA:7,1
DA:11,1
DA:15,1
DA:19,1
DA:23,1
DA:27,1
DA:31,1
DA:35,1
DA:39,1
DA:43,1
DA:47,1
DA:51,1
DA:55,1
DA:59,1
DA:63,1
DA:67,1
DA:71,1
DA:75,1
DA:79,1
DA:83,1
DA:87,1
DA:91,1
DA:95,1
DA:99,1
DA:103,1
DA:107,1
DA:111,1
DA:115,1
DA:119,1
DA:123,1
DA:127,1
DA:131,1
DA:135,1
DA:139,1
DA:143,1
DA:147,1
DA:151,1
DA:155,1
DA:159,1
DA:163,1
DA:167,1
DA:171,1
DA:175,1
DA:179,1
DA:183,1
DA:187,1
DA:191,1
DA:195,1
DA:199,1
DA:203,1
DA:207,1
DA:211,1
DA:215,1
DA:219,1
DA:223,1
DA:227,1
DA:231,1
DA:235,1
DA:239,1
DA:243,1
DA:247,1
DA:251,1
DA:255,1
DA:259,1
DA:263,1
DA:267,1
DA:271,1
DA:275,1
DA:279,1
DA:283,1
DA:287,1
DA:291,1
DA:295,1
DA:299,1
DA:303,1
DA:307,1
DA:311,1
DA:315,1
DA:319,1
DA:323,1
DA:327,1
DA:331,1
DA:335,1
DA:339,1
DA:343,1
DA:347,1
DA:351,1
DA:355,1
DA:359,1
DA:363,1
DA:367,1
DA:371,1
DA:375,1
DA:379,1
DA:383,1
DA:387,1
DA:391,1
DA:395,1
DA:399,1
DA:403,1
DA:407,1
DA:411,1
DA:415,1
DA:419,1
DA:423,1
DA:427,1
DA:431,1
DA:435,1
DA:439,1
DA:443,1
DA:447,1
DA:451,1
DA:455,1
DA:459,1
DA:463,1
DA:467,1
DA:471,1
DA:475,1
DA:479,1
DA:483,1
DA:487,1
DA:491,1
DA:495,1
DA:499,1
DA:503,1
DA:507,1
DA:511,1
DA:515,1
DA:519,1
DA:523,1
DA:527,1
DA:531,1
DA:535,1
DA:539,1
DA:543,1
DA:547,1
DA:551,1
DA:555,1
DA:559,1
DA:563,1
DA:567,1
DA:571,1
DA:575,1
DA:579,1
DA:583,1
DA:587,1
DA:591,1
DA:595,1
DA:599,1
DA:603,1
DA:607,1
DA:611,1
DA:615,1
DA:619,1
DA:623,1
DA:627,1
DA:631,1
DA:635,1
DA:639,1
DA:643,1
DA:647,1
DA:651,1
DA:655,1
DA:659,1
DA:663,1
DA:667,1
DA:671,1
DA:675,1
DA:679,1
DA:683,1
DA:687,1
DA:691,1
DA:695,1
DA:699,1
DA:703,1
DA:707,1
DA:711,1
DA:715,1
DA:719,1
DA:723,1
DA:727,1
DA:731,1
DA:735,1
DA:739,1
DA:743,1
DA:747,1
DA:751,1
DA:755,1
DA:759,1
DA:763,1
DA:767,1
DA:771,1
DA:775,1
DA:779,1
DA:783,1
DA:787,1
DA:791,1
DA:795,1
DA:799,1
DA:803,1
DA:807,1
DA:811,1
DA:815,1
DA:819,1
DA:823,1
DA:827,1
DA:831,1
DA:835,1
DA:839,1
DA:843,1
DA:847,1
DA:851,1
DA:855,1
DA:859,1
DA:863,1
DA:867,1
DA:871,1
DA:875,1
DA:879,1
DA:883,1
DA:887,1
DA:891,1
DA:895,1
DA:899,1
DA:903,1
DA:907,1
DA:911,1
DA:915,1
DA:919,1
DA:923,1
DA:927,1
DA:931,1
DA:935,1
DA:939,1
DA:943,1
DA:947,1
DA:951,1
DA:955,1
DA:959,1
DA:963,1
LF:242
LH:242
BRF:0
BRH:0
end_of_record
TN:
SF:/Users/hkoh006/vueJSProjects/vuestic-admin/src/components/maps/bubble-maps/BubbleMapsPage.vue
FN:22,(anonymous_0)
FNF:1
FNH:0
FNDA:0,(anonymous_0)
DA:23,0
LF:1
LH:0
BRF:0
BRH:0
end_of_record
TN:
SF:/Users/hkoh006/vueJSProjects/vuestic-admin/src/components/maps/google-maps/GoogleMap.vue
FN:20,(anonymous_0)
FNF:1
FNH:0
FNDA:0,(anonymous_0)
DA:18,0
DA:20,0
DA:22,0
LF:3
LH:0
BRF:0
BRH:0
end_of_record
TN:
SF:/Users/hkoh006/vueJSProjects/vuestic-admin/src/components/maps/google-maps/GoogleMapsPage.vue
FNF:0
FNH:0
LF:0
LH:0
BRF:0
BRH:0
end_of_record
TN:
SF:/Users/hkoh006/vueJSProjects/vuestic-admin/src/components/maps/leaflet-maps/LeafletMapsPage.vue
FNF:0
FNH:0
LF:0
LH:0
BRF:0
BRH:0
end_of_record
TN:
SF:/Users/hkoh006/vueJSProjects/vuestic-admin/src/components/maps/line-maps/LineMap.vue
FNF:0
FNH:0
DA:26,0
DA:28,0
DA:31,0
DA:37,0
DA:42,0
DA:47,0
DA:48,0
DA:49,0
DA:50,0
DA:51,0
DA:53,0
DA:58,0
LF:12
LH:0
BRF:0
BRH:0
end_of_record
TN:
SF:/Users/hkoh006/vueJSProjects/vuestic-admin/src/data/maps/LineMapData.js
FNF:0
FNH:0
DA:1,1
DA:3,1
DA:5,1
DA:76,1
DA:155,1
LF:5
LH:5
BRF:0
BRH:0
end_of_record
TN:
SF:/Users/hkoh006/vueJSProjects/vuestic-admin/src/components/maps/line-maps/LineMapsPage.vue
FN:22,(anonymous_0)
FNF:1
FNH:0
FNDA:0,(anonymous_0)
DA:23,0
LF:1
LH:0
BRF:0
BRH:0
end_of_record
TN:
SF:/Users/hkoh006/vueJSProjects/vuestic-admin/src/components/maps/yandex-maps/YandexMapsPage.vue
FN:41,(anonymous_0)
FNF:1
FNH:0
FNDA:0,(anonymous_0)
DA:33,0
LF:1
LH:0
BRF:0
BRH:0
end_of_record
TN:
SF:/Users/hkoh006/vueJSProjects/vuestic-admin/src/services/utils.js
FNF:0
FNH:0
DA:3,7
DA:5,7
DA:6,7
DA:8,7
DA:9,0
DA:12,7
DA:14,7
DA:16,7
DA:17,7
DA:18,7
DA:19,7
DA:20,0
DA:21,0
DA:22,0
DA:23,0
DA:26,7
DA:27,7
DA:28,7
DA:30,7
LF:19
LH:14
BRDA:8,0,0,0
BRDA:8,0,1,7
BRDA:16,1,0,7
BRDA:16,1,1,0
BRDA:20,2,0,0
BRDA:20,2,1,0
BRDA:26,3,0,7
BRDA:26,3,1,0
BRDA:28,4,0,7
BRDA:28,4,1,0
BRF:10
BRH:4
end_of_record
TN:
SF:/Users/hkoh006/vueJSProjects/vuestic-admin/src/data/charts/LineChartData.js
FNF:0
FNH:0
DA:4,1
LF:1
LH:1
BRF:0
BRH:0
end_of_record
TN:
SF:/Users/hkoh006/vueJSProjects/vuestic-admin/src/data/charts/BubbleChartData.js
FNF:0
FNH:0
DA:4,1
LF:1
LH:1
BRF:0
BRH:0
end_of_record
TN:
SF:/Users/hkoh006/vueJSProjects/vuestic-admin/src/data/charts/PieChartData.js
FNF:0
FNH:0
DA:3,1
LF:1
LH:1
BRF:0
BRH:0
end_of_record
TN:
SF:/Users/hkoh006/vueJSProjects/vuestic-admin/src/data/charts/DonutChartData.js
FNF:0
FNH:0
DA:3,1
LF:1
LH:1
BRF:0
BRH:0
end_of_record
TN:
SF:/Users/hkoh006/vueJSProjects/vuestic-admin/src/data/charts/VerticalBarChartData.js
FNF:0
FNH:0
DA:3,1
LF:1
LH:1
BRF:0
BRH:0
end_of_record
TN:
SF:/Users/hkoh006/vueJSProjects/vuestic-admin/src/data/charts/HorizontalBarChartData.js
FNF:0
FNH:0
DA:3,1
LF:1
LH:1
BRF:0
BRH:0
end_of_record
TN:
SF:/Users/hkoh006/vueJSProjects/vuestic-admin/src/components/statistics/charts/Charts.vue
FN:62,(anonymous_0)
FNF:1
FNH:0
FNDA:0,(anonymous_0)
DA:63,0
LF:1
LH:0
BRF:0
BRH:0
end_of_record
TN:
SF:/Users/hkoh006/vueJSProjects/vuestic-admin/src/components/statistics/progress-bars/Widgets/ColorfulBars.vue
FNF:0
FNH:0
LF:0
LH:0
BRF:0
BRH:0
end_of_record
TN:
SF:/Users/hkoh006/vueJSProjects/vuestic-admin/src/components/statistics/progress-bars/Widgets/StandardBars.vue
FNF:0
FNH:0
LF:0
LH:0
BRF:0
BRH:0
end_of_record
TN:
SF:/Users/hkoh006/vueJSProjects/vuestic-admin/src/components/statistics/progress-bars/ProgressBars.vue
FNF:0
FNH:0
LF:0
LH:0
BRF:0
BRH:0
end_of_record
TN:
SF:/Users/hkoh006/vueJSProjects/vuestic-admin/src/vuestic-theme/vuestic-components/vuestic-datatable/data/fields-definition.js
FN:26,(anonymous_0)
FN:29,(anonymous_1)
FNF:2
FNH:0
FNDA:0,(anonymous_0)
FNDA:0,(anonymous_1)
DA:27,0
DA:30,0
LF:2
LH:0
BRDA:27,0,0,0
BRDA:27,0,1,0
BRDA:30,1,0,0
BRDA:30,1,1,0
BRF:4
BRH:0
end_of_record
TN:
SF:/Users/hkoh006/vueJSProjects/vuestic-admin/src/vuestic-theme/vuestic-components/vuestic-datatable/data/items-per-page-definition.js
FNF:0
FNH:0
LF:0
LH:0
BRF:0
BRH:0
end_of_record
TN:
SF:/Users/hkoh006/vueJSProjects/vuestic-admin/src/vuestic-theme/vuestic-components/vuestic-datatable/data/query-params.js
FNF:0
FNH:0
LF:0
LH:0
BRF:0
BRH:0
end_of_record
TN:
SF:/Users/hkoh006/vueJSProjects/vuestic-admin/src/components/tables/Table.vue
FNF:0
FNH:0
DA:215,1
DA:223,0
LF:2
LH:1
BRF:0
BRH:0
end_of_record
TN:
SF:/Users/hkoh006/vueJSProjects/vuestic-admin/src/components/ui/buttons/Buttons.vue
FNF:0
FNH:0
LF:0
LH:0
BRF:0
BRH:0
end_of_record
TN:
SF:/Users/hkoh006/vueJSProjects/vuestic-admin/src/vuestic-theme/vuestic-components/vuestic-card/VuesticCard.vue
FNF:0
FNH:0
DA:56,0
DA:57,0
DA:58,0
DA:60,0
DA:61,0
DA:63,0
DA:64,0
DA:66,0
LF:8
LH:0
BRDA:57,0,0,0
BRDA:57,0,1,0
BRDA:60,1,0,0
BRDA:60,1,1,0
BRDA:63,2,0,0
BRDA:63,2,1,0
BRF:6
BRH:0
end_of_record
TN:
SF:/Users/hkoh006/vueJSProjects/vuestic-admin/src/components/ui/cards/Cards.vue
FN:177,(anonymous_0)
FNF:1
FNH:0
FNDA:0,(anonymous_0)
DA:169,0
DA:176,0
DA:177,0
DA:178,0
DA:179,0
LF:5
LH:0
BRF:0
BRH:0
end_of_record
TN:
SF:/Users/hkoh006/vueJSProjects/vuestic-admin/src/vuestic-theme/vuestic-components/vuestic-color-picker/ColorDot.vue
FNF:0
FNH:0
LF:0
LH:0
BRF:0
BRH:0
end_of_record
TN:
SF:/Users/hkoh006/vueJSProjects/vuestic-admin/src/vuestic-theme/vuestic-components/vuestic-color-picker/VuesticSimplePalettePicker.vue
FNF:0
FNH:0
DA:34,0
DA:37,0
DA:43,0
DA:46,0
LF:4
LH:0
BRF:0
BRH:0
end_of_record
TN:
SF:/Users/hkoh006/vueJSProjects/vuestic-admin/src/vuestic-theme/vuestic-components/vuestic-color-picker/VuesticColorSquare.vue
FNF:0
FNH:0
LF:0
LH:0
BRF:0
BRH:0
end_of_record
TN:
SF:/Users/hkoh006/vueJSProjects/vuestic-admin/src/vuestic-theme/vuestic-components/vuestic-color-picker/VuesticSliderColorPicker.vue
FNF:0
FNH:0
DA:23,0
DA:26,0
LF:2
LH:0
BRF:0
BRH:0
end_of_record
TN:
SF:/Users/hkoh006/vueJSProjects/vuestic-admin/src/vuestic-theme/vuestic-components/vuestic-color-picker/VuesticAdvancedColorPicker.vue
FNF:0
FNH:0
DA:21,0
DA:24,0
LF:2
LH:0
BRF:0
BRH:0
end_of_record
TN:
SF:/Users/hkoh006/vueJSProjects/vuestic-admin/src/vuestic-theme/vuestic-components/vuestic-color-picker/VuesticColorInput.vue
FNF:0
FNH:0
DA:51,0
DA:54,0
DA:60,0
LF:3
LH:0
BRF:0
BRH:0
end_of_record
TN:
SF:/Users/hkoh006/vueJSProjects/vuestic-admin/src/vuestic-theme/vuestic-components/vuestic-color-picker/VuesticDropdown.vue
FN:30,(anonymous_0)
FNF:1
FNH:0
FNDA:0,(anonymous_0)
DA:18,0
DA:24,0
DA:28,0
DA:29,0
DA:30,0
DA:31,0
DA:32,0
DA:33,0
DA:34,0
DA:35,0
DA:38,0
DA:39,0
LF:12
LH:0
BRDA:34,0,0,0
BRDA:34,0,1,0
BRDA:34,1,0,0
BRDA:34,1,1,0
BRDA:38,2,0,0
BRDA:38,2,1,0
BRDA:38,3,0,0
BRDA:38,3,1,0
BRF:8
BRH:0
end_of_record
TN:
SF:/Users/hkoh006/vueJSProjects/vuestic-admin/src/vuestic-theme/vuestic-components/vuestic-color-picker/VuesticColorPickerInput.vue
FNF:0
FNH:0
DA:68,0
DA:71,0
DA:75,0
DA:76,0
DA:77,0
DA:80,0
DA:85,0
DA:86,0
DA:88,0
LF:9
LH:0
BRDA:75,0,0,0
BRDA:75,0,1,0
BRDA:76,1,0,0
BRDA:76,1,1,0
BRDA:85,2,0,0
BRDA:85,2,1,0
BRF:6
BRH:0
end_of_record
TN:
SF:/Users/hkoh006/vueJSProjects/vuestic-admin/src/vuestic-theme/vuestic-components/vuestic-color-picker/VuesticTheme.js
FNF:0
FNH:0
DA:1,1
DA:11,1
DA:21,1
LF:3
LH:3
BRF:0
BRH:0
end_of_record
TN:
SF:/Users/hkoh006/vueJSProjects/vuestic-admin/src/vuestic-theme/vuestic-components/vuestic-color-picker/VuesticPalletCustom.vue
FNF:0
FNH:0
DA:35,0
DA:38,0
DA:42,0
DA:43,0
DA:44,0
DA:46,0
LF:6
LH:0
BRDA:42,0,0,0
BRDA:42,0,1,0
BRDA:43,1,0,0
BRDA:43,1,1,0
BRF:4
BRH:0
end_of_record
TN:
SF:/Users/hkoh006/vueJSProjects/vuestic-admin/src/components/ui/color-pickers/ColorPickers.vue
FNF:0
FNH:0
DA:119,0
LF:1
LH:0
BRF:0
BRH:0
end_of_record
TN:
SF:/Users/hkoh006/vueJSProjects/vuestic-admin/src/components/ui/file-upload/FileUpload.vue
FNF:0
FNH:0
DA:56,0
LF:1
LH:0
BRF:0
BRH:0
end_of_record
TN:
SF:/Users/hkoh006/vueJSProjects/vuestic-admin/src/components/ui/grid/Grid.vue
FNF:0
FNH:0
LF:0
LH:0
BRF:0
BRH:0
end_of_record
TN:
SF:/Users/hkoh006/vueJSProjects/vuestic-admin/src/components/ui/icons/Set.vue
FN:88,(anonymous_0)
FN:93,(anonymous_1)
FN:119,(anonymous_2)
FN:120,(anonymous_3)
FNF:4
FNH:0
FNDA:0,(anonymous_0)
FNDA:0,(anonymous_1)
FNDA:0,(anonymous_2)
FNDA:0,(anonymous_3)
DA:89,0
DA:93,0
DA:102,0
DA:103,0
DA:108,0
DA:109,0
DA:112,0
DA:119,0
DA:120,0
DA:121,0
DA:122,0
DA:127,0
DA:133,0
LF:13
LH:0
BRDA:103,0,0,0
BRDA:103,0,1,0
BRDA:108,1,0,0
BRDA:108,1,1,0
BRDA:121,2,0,0
BRDA:121,2,1,0
BRF:6
BRH:0
end_of_record
TN:
SF:/Users/hkoh006/vueJSProjects/vuestic-admin/src/components/ui/icons/Icons.vue
FN:18,(anonymous_0)
FNF:1
FNH:0
FNDA:0,(anonymous_0)
DA:17,0
DA:18,0
DA:19,0
DA:20,0
DA:21,0
DA:23,0
DA:28,0
DA:29,0
DA:30,0
DA:31,0
DA:32,0
DA:33,0
DA:37,0
LF:13
LH:0
BRF:0
BRH:0
end_of_record
TN:
SF:/Users/hkoh006/vueJSProjects/vuestic-admin/src/components/ui/icons/SetsList.vue
FNF:0
FNH:0
DA:51,0
LF:1
LH:0
BRF:0
BRH:0
end_of_record
TN:
SF:/Users/hkoh006/vueJSProjects/vuestic-admin/src/components/ui/modals/Modals.vue
FNF:0
FNH:0
DA:68,0
DA:75,0
DA:78,0
DA:81,0
DA:84,0
LF:5
LH:0
BRF:0
BRH:0
end_of_record
TN:
SF:/Users/hkoh006/vueJSProjects/vuestic-admin/src/components/ui/notifications/ToastPositionPicker.vue
FNF:0
FNH:0
DA:47,0
DA:51,0
LF:2
LH:0
BRF:0
BRH:0
end_of_record
TN:
SF:/Users/hkoh006/vueJSProjects/vuestic-admin/src/components/ui/notifications/Notifications.vue
FNF:0
FNH:0
DA:142,0
DA:173,0
DA:179,0
DA:180,0
DA:182,0
DA:187,0
LF:6
LH:0
BRDA:173,0,0,0
BRDA:173,0,1,0
BRDA:179,1,0,0
BRDA:179,1,1,0
BRDA:179,2,0,0
BRDA:179,2,1,0
BRDA:179,2,2,0
BRF:7
BRH:0
end_of_record
TN:
SF:/Users/hkoh006/vueJSProjects/vuestic-admin/src/vuestic-theme/vuestic-components/vuestic-slider/VuesticSlider.vue
FN:41,(anonymous_0)
FNF:1
FNH:0
FNDA:0,(anonymous_0)
DA:42,0
DA:64,0
DA:70,0
LF:3
LH:0
BRF:0
BRH:0
end_of_record
TN:
SF:/Users/hkoh006/vueJSProjects/vuestic-admin/src/components/ui/spinners/Spinners.vue
FN:86,(anonymous_0)
FNF:1
FNH:0
FNDA:0,(anonymous_0)
DA:76,0
DA:86,0
DA:100,0
DA:104,0
DA:110,0
DA:115,0
DA:117,0
DA:118,0
DA:121,0
LF:9
LH:0
BRF:0
BRH:0
end_of_record
TN:
SF:/Users/hkoh006/vueJSProjects/vuestic-admin/src/components/ui/tags/Tags.vue
FNF:0
FNH:0
DA:31,0
LF:1
LH:0
BRF:0
BRH:0
end_of_record
TN:
SF:/Users/hkoh006/vueJSProjects/vuestic-admin/src/vuestic-theme/vuestic-components/vuestic-widget/VuesticWidget.vue
FNF:0
FNH:0
DA:17,0
LF:1
LH:0
BRF:0
BRH:0
end_of_record
TN:
SF:/Users/hkoh006/vueJSProjects/vuestic-admin/src/components/ui/tree-view/TreeViewBasicPreview.vue
FNF:0
FNH:0
LF:0
LH:0
BRF:0
BRH:0
end_of_record
TN:
SF:/Users/hkoh006/vueJSProjects/vuestic-admin/src/components/ui/tree-view/TreeViewIconsPreview.vue
FNF:0
FNH:0
LF:0
LH:0
BRF:0
BRH:0
end_of_record
TN:
SF:/Users/hkoh006/vueJSProjects/vuestic-admin/src/components/ui/tree-view/TreeViewSelectablePreview.vue
FNF:0
FNH:0
DA:28,0
LF:1
LH:0
BRF:0
BRH:0
end_of_record
TN:
SF:/Users/hkoh006/vueJSProjects/vuestic-admin/src/components/ui/tree-view/TreeViewAdvancedPreview.vue
FNF:0
FNH:0
LF:0
LH:0
BRF:0
BRH:0
end_of_record
TN:
SF:/Users/hkoh006/vueJSProjects/vuestic-admin/src/components/ui/tree-view/TreeViewEditablePreview.vue
FN:64,(anonymous_0)
FNF:1
FNH:0
FNDA:0,(anonymous_0)
DA:43,0
DA:58,0
DA:64,0
LF:3
LH:0
BRF:0
BRH:0
end_of_record
TN:
SF:/Users/hkoh006/vueJSProjects/vuestic-admin/src/components/ui/tree-view/TreeView.vue
FNF:0
FNH:0
DA:62,0
LF:1
LH:0
BRF:0
BRH:0
end_of_record
TN:
SF:/Users/hkoh006/vueJSProjects/vuestic-admin/src/components/ui/typography/Typography.vue
FNF:0
FNH:0
LF:0
LH:0
BRF:0
BRH:0
end_of_record
